# JRE version: Java(TM) SE Runtime Environment (9.0+11) (build 9.0.4+11)
# Java VM: Java HotSpot(TM) 64-Bit Server VM (9.0.4+11, mixed mode, tiered, compressed oops, g1 gc, windows-amd64)
Heap:
 garbage-first heap   total 173056K, used 105161K [0x0000000700000000, 0x0000000700100548, 0x00000007c0000000)
  region size 1024K, 41 young (41984K), 1 survivors (1024K)
 Metaspace       used 76535K, capacity 82904K, committed 83028K, reserved 1120256K
  class space    used 10685K, capacity 11792K, committed 11860K, reserved 1048576K
GC Heap History (10 events):
Event: 291.085 GC heap before
{Heap before GC invocations=114 (full 2):
 garbage-first heap   total 173056K, used 125587K [0x0000000700000000, 0x0000000700100548, 0x00000007c0000000)
  region size 1024K, 60 young (61440K), 1 survivors (1024K)
 Metaspace       used 76476K, capacity 82834K, committed 83028K, reserved 1120256K
  class space    used 10680K, capacity 11791K, committed 11860K, reserved 1048576K
}
Event: 291.088 GC heap after
{Heap after GC invocations=115 (full 2):
 garbage-first heap   total 173056K, used 65201K [0x0000000700000000, 0x0000000700100548, 0x00000007c0000000)
  region size 1024K, 1 young (1024K), 1 survivors (1024K)
 Metaspace       used 76476K, capacity 82834K, committed 83028K, reserved 1120256K
  class space    used 10680K, capacity 11791K, committed 11860K, reserved 1048576K
}
Event: 294.234 GC heap before
{Heap before GC invocations=115 (full 2):
 garbage-first heap   total 173056K, used 125617K [0x0000000700000000, 0x0000000700100548, 0x00000007c0000000)
  region size 1024K, 60 young (61440K), 1 survivors (1024K)
 Metaspace       used 76476K, capacity 82834K, committed 83028K, reserved 1120256K
  class space    used 10680K, capacity 11791K, committed 11860K, reserved 1048576K
}
Event: 294.237 GC heap after
{Heap after GC invocations=116 (full 2):
 garbage-first heap   total 173056K, used 65163K [0x0000000700000000, 0x0000000700100548, 0x00000007c0000000)
  region size 1024K, 1 young (1024K), 1 survivors (1024K)
 Metaspace       used 76476K, capacity 82834K, committed 83028K, reserved 1120256K
  class space    used 10680K, capacity 11791K, committed 11860K, reserved 1048576K
}
Event: 294.868 GC heap before
{Heap before GC invocations=116 (full 2):
 garbage-first heap   total 173056K, used 125579K [0x0000000700000000, 0x0000000700100548, 0x00000007c0000000)
  region size 1024K, 60 young (61440K), 1 survivors (1024K)
 Metaspace       used 76476K, capacity 82834K, committed 83028K, reserved 1120256K
  class space    used 10680K, capacity 11791K, committed 11860K, reserved 1048576K
}
Event: 294.871 GC heap after
{Heap after GC invocations=117 (full 2):
 garbage-first heap   total 173056K, used 65179K [0x0000000700000000, 0x0000000700100548, 0x00000007c0000000)
  region size 1024K, 1 young (1024K), 1 survivors (1024K)
 Metaspace       used 76476K, capacity 82834K, committed 83028K, reserved 1120256K
  class space    used 10680K, capacity 11791K, committed 11860K, reserved 1048576K
}
Event: 296.600 GC heap before
{Heap before GC invocations=117 (full 2):
 garbage-first heap   total 173056K, used 125595K [0x0000000700000000, 0x0000000700100548, 0x00000007c0000000)
  region size 1024K, 60 young (61440K), 1 survivors (1024K)
 Metaspace       used 76526K, capacity 82898K, committed 83028K, reserved 1120256K
  class space    used 10684K, capacity 11791K, committed 11860K, reserved 1048576K
}
Event: 296.603 GC heap after
{Heap after GC invocations=118 (full 2):
 garbage-first heap   total 173056K, used 65350K [0x0000000700000000, 0x0000000700100548, 0x00000007c0000000)
  region size 1024K, 1 young (1024K), 1 survivors (1024K)
 Metaspace       used 76526K, capacity 82898K, committed 83028K, reserved 1120256K
  class space    used 10684K, capacity 11791K, committed 11860K, reserved 1048576K
}
Event: 312.644 GC heap before
{Heap before GC invocations=118 (full 2):
 garbage-first heap   total 173056K, used 125766K [0x0000000700000000, 0x0000000700100548, 0x00000007c0000000)
  region size 1024K, 60 young (61440K), 1 survivors (1024K)
 Metaspace       used 76530K, capacity 82904K, committed 83028K, reserved 1120256K
  class space    used 10684K, capacity 11792K, committed 11860K, reserved 1048576K
}
Event: 312.647 GC heap after
{Heap after GC invocations=119 (full 2):
 garbage-first heap   total 173056K, used 65225K [0x0000000700000000, 0x0000000700100548, 0x00000007c0000000)
  region size 1024K, 1 young (1024K), 1 survivors (1024K)
 Metaspace       used 76530K, capacity 82904K, committed 83028K, reserved 1120256K
  class space    used 10684K, capacity 11792K, committed 11860K, reserved 1048576K
}

